[2022-02-25 03:26:26,655] {taskinstance.py:1037} INFO - Dependencies all met for <TaskInstance: Spotify_Song_dag.spotify_etl scheduled__2022-02-25T03:25:40.627196+00:00 [queued]>
[2022-02-25 03:26:26,805] {taskinstance.py:1037} INFO - Dependencies all met for <TaskInstance: Spotify_Song_dag.spotify_etl scheduled__2022-02-25T03:25:40.627196+00:00 [queued]>
[2022-02-25 03:26:26,805] {taskinstance.py:1243} INFO - 
--------------------------------------------------------------------------------
[2022-02-25 03:26:26,808] {taskinstance.py:1244} INFO - Starting attempt 2 of 2
[2022-02-25 03:26:26,808] {taskinstance.py:1245} INFO - 
--------------------------------------------------------------------------------
[2022-02-25 03:26:26,830] {taskinstance.py:1264} INFO - Executing <Task(PythonOperator): spotify_etl> on 2022-02-25 03:25:40.627196+00:00
[2022-02-25 03:26:26,837] {standard_task_runner.py:52} INFO - Started process 11867 to run task
[2022-02-25 03:26:26,848] {standard_task_runner.py:76} INFO - Running: ['airflow', 'tasks', 'run', 'Spotify_Song_dag', 'spotify_etl', 'scheduled__2022-02-25T03:25:40.627196+00:00', '--job-id', '80', '--raw', '--subdir', 'DAGS_FOLDER/spotify_check_dag.py', '--cfg-path', '/var/folders/nx/v6d0bskn22s742wqx2vwc_rm0000gn/T/tmp_yfnuat8', '--error-file', '/var/folders/nx/v6d0bskn22s742wqx2vwc_rm0000gn/T/tmpyuaedlob']
[2022-02-25 03:26:26,853] {standard_task_runner.py:77} INFO - Job 80: Subtask spotify_etl
[2022-02-25 03:26:26,931] {logging_mixin.py:109} INFO - Running <TaskInstance: Spotify_Song_dag.spotify_etl scheduled__2022-02-25T03:25:40.627196+00:00 [running]> on host Anurags-MacBook-Pro.local
[2022-02-25 03:26:27,109] {taskinstance.py:1429} INFO - Exporting the following env vars:
AIRFLOW_CTX_DAG_EMAIL=airflow@example.com
AIRFLOW_CTX_DAG_OWNER=airflow
AIRFLOW_CTX_DAG_ID=Spotify_Song_dag
AIRFLOW_CTX_TASK_ID=spotify_etl
AIRFLOW_CTX_EXECUTION_DATE=2022-02-25T03:25:40.627196+00:00
AIRFLOW_CTX_DAG_RUN_ID=scheduled__2022-02-25T03:25:40.627196+00:00
[2022-02-25 03:26:27,396] {logging_mixin.py:109} INFO - {'added_at': '2022-02-25T03:25:31Z', 'track': {'album': {'album_type': 'album', 'artists': [{'external_urls': {'spotify': 'https://open.spotify.com/artist/6VuMaDnrHyPL1p4EHjYLi7'}, 'href': 'https://api.spotify.com/v1/artists/6VuMaDnrHyPL1p4EHjYLi7', 'id': '6VuMaDnrHyPL1p4EHjYLi7', 'name': 'Charlie Puth', 'type': 'artist', 'uri': 'spotify:artist:6VuMaDnrHyPL1p4EHjYLi7'}], 'external_urls': {'spotify': 'https://open.spotify.com/album/3kndSWeE2IYOrZEToZrHEV'}, 'href': 'https://api.spotify.com/v1/albums/3kndSWeE2IYOrZEToZrHEV', 'id': '3kndSWeE2IYOrZEToZrHEV', 'images': [{'height': 640, 'url': 'https://i.scdn.co/image/ab67616d0000b2734fe297c018e495a97662e5ac', 'width': 640}, {'height': 300, 'url': 'https://i.scdn.co/image/ab67616d00001e024fe297c018e495a97662e5ac', 'width': 300}, {'height': 64, 'url': 'https://i.scdn.co/image/ab67616d000048514fe297c018e495a97662e5ac', 'width': 64}], 'name': 'Nine Track Mind', 'release_date': '2016-01-29', 'release_date_precision': 'day', 'total_tracks': 12, 'type': 'album', 'uri': 'spotify:album:3kndSWeE2IYOrZEToZrHEV'}, 'artists': [{'external_urls': {'spotify': 'https://open.spotify.com/artist/6VuMaDnrHyPL1p4EHjYLi7'}, 'href': 'https://api.spotify.com/v1/artists/6VuMaDnrHyPL1p4EHjYLi7', 'id': '6VuMaDnrHyPL1p4EHjYLi7', 'name': 'Charlie Puth', 'type': 'artist', 'uri': 'spotify:artist:6VuMaDnrHyPL1p4EHjYLi7'}, {'external_urls': {'spotify': 'https://open.spotify.com/artist/0C8ZW7ezQVs4URX5aX7Kqx'}, 'href': 'https://api.spotify.com/v1/artists/0C8ZW7ezQVs4URX5aX7Kqx', 'id': '0C8ZW7ezQVs4URX5aX7Kqx', 'name': 'Selena Gomez', 'type': 'artist', 'uri': 'spotify:artist:0C8ZW7ezQVs4URX5aX7Kqx'}], 'disc_number': 1, 'duration_ms': 217706, 'explicit': False, 'external_ids': {'isrc': 'USAT21502909'}, 'external_urls': {'spotify': 'https://open.spotify.com/track/37FXw5QGFN7uwwsLy8uAc0'}, 'href': 'https://api.spotify.com/v1/tracks/37FXw5QGFN7uwwsLy8uAc0', 'id': '37FXw5QGFN7uwwsLy8uAc0', 'is_local': False, 'is_playable': True, 'linked_from': {'external_urls': {'spotify': 'https://open.spotify.com/track/68EMU2RD1ECNeOeJ5qAXCV'}, 'href': 'https://api.spotify.com/v1/tracks/68EMU2RD1ECNeOeJ5qAXCV', 'id': '68EMU2RD1ECNeOeJ5qAXCV', 'type': 'track', 'uri': 'spotify:track:68EMU2RD1ECNeOeJ5qAXCV'}, 'name': "We Don't Talk Anymore (feat. Selena Gomez)", 'popularity': 72, 'preview_url': 'https://p.scdn.co/mp3-preview/9c497e095198c3f26f98c244de8219935a908b81?cid=774b29d4f13844c495f206cafdad9c86', 'track_number': 5, 'type': 'track', 'uri': 'spotify:track:37FXw5QGFN7uwwsLy8uAc0'}}
[2022-02-25 03:26:27,400] {logging_mixin.py:109} INFO - {'added_at': '2022-02-25T03:23:49Z', 'track': {'album': {'album_type': 'single', 'artists': [{'external_urls': {'spotify': 'https://open.spotify.com/artist/2TL8gYTNgD6nXkyuUdDrMg'}, 'href': 'https://api.spotify.com/v1/artists/2TL8gYTNgD6nXkyuUdDrMg', 'id': '2TL8gYTNgD6nXkyuUdDrMg', 'name': 'Jasmine Thompson', 'type': 'artist', 'uri': 'spotify:artist:2TL8gYTNgD6nXkyuUdDrMg'}], 'external_urls': {'spotify': 'https://open.spotify.com/album/2RspE8aftXJ96d8HLWOc58'}, 'href': 'https://api.spotify.com/v1/albums/2RspE8aftXJ96d8HLWOc58', 'id': '2RspE8aftXJ96d8HLWOc58', 'images': [{'height': 640, 'url': 'https://i.scdn.co/image/ab67616d0000b273c432294bc8f984eca745350d', 'width': 640}, {'height': 300, 'url': 'https://i.scdn.co/image/ab67616d00001e02c432294bc8f984eca745350d', 'width': 300}, {'height': 64, 'url': 'https://i.scdn.co/image/ab67616d00004851c432294bc8f984eca745350d', 'width': 64}], 'name': "Like I'm Gonna Lose You", 'release_date': '2015-10-09', 'release_date_precision': 'day', 'total_tracks': 1, 'type': 'album', 'uri': 'spotify:album:2RspE8aftXJ96d8HLWOc58'}, 'artists': [{'external_urls': {'spotify': 'https://open.spotify.com/artist/2TL8gYTNgD6nXkyuUdDrMg'}, 'href': 'https://api.spotify.com/v1/artists/2TL8gYTNgD6nXkyuUdDrMg', 'id': '2TL8gYTNgD6nXkyuUdDrMg', 'name': 'Jasmine Thompson', 'type': 'artist', 'uri': 'spotify:artist:2TL8gYTNgD6nXkyuUdDrMg'}], 'disc_number': 1, 'duration_ms': 232338, 'explicit': False, 'external_ids': {'isrc': 'USAT21502787'}, 'external_urls': {'spotify': 'https://open.spotify.com/track/2pV8RpdLemcyMWko8dASVt'}, 'href': 'https://api.spotify.com/v1/tracks/2pV8RpdLemcyMWko8dASVt', 'id': '2pV8RpdLemcyMWko8dASVt', 'is_local': False, 'is_playable': True, 'name': "Like I'm Gonna Lose You", 'popularity': 71, 'preview_url': 'https://p.scdn.co/mp3-preview/a4603f48eacec0b00c5bb5ba9d53eed3f34e3d17?cid=774b29d4f13844c495f206cafdad9c86', 'track_number': 1, 'type': 'track', 'uri': 'spotify:track:2pV8RpdLemcyMWko8dASVt'}}
[2022-02-25 03:26:27,401] {logging_mixin.py:109} INFO - {'added_at': '2022-02-25T03:23:48Z', 'track': {'album': {'album_type': 'compilation', 'artists': [{'external_urls': {'spotify': 'https://open.spotify.com/artist/0LyfQWJT6nXafLPZqxe9Of'}, 'href': 'https://api.spotify.com/v1/artists/0LyfQWJT6nXafLPZqxe9Of', 'id': '0LyfQWJT6nXafLPZqxe9Of', 'name': 'Various Artists', 'type': 'artist', 'uri': 'spotify:artist:0LyfQWJT6nXafLPZqxe9Of'}], 'external_urls': {'spotify': 'https://open.spotify.com/album/6pZj4nvx6lV3ulIK3BSjvs'}, 'href': 'https://api.spotify.com/v1/albums/6pZj4nvx6lV3ulIK3BSjvs', 'id': '6pZj4nvx6lV3ulIK3BSjvs', 'images': [{'height': 640, 'url': 'https://i.scdn.co/image/ab67616d0000b2733505183cc0e24d2f7560174a', 'width': 640}, {'height': 300, 'url': 'https://i.scdn.co/image/ab67616d00001e023505183cc0e24d2f7560174a', 'width': 300}, {'height': 64, 'url': 'https://i.scdn.co/image/ab67616d000048513505183cc0e24d2f7560174a', 'width': 64}], 'name': 'Moana (Original Motion Picture Soundtrack/Deluxe Edition)', 'release_date': '2016-11-18', 'release_date_precision': 'day', 'total_tracks': 59, 'type': 'album', 'uri': 'spotify:album:6pZj4nvx6lV3ulIK3BSjvs'}, 'artists': [{'external_urls': {'spotify': 'https://open.spotify.com/artist/2wUjUUtkb5lvLKcGKsKqsR'}, 'href': 'https://api.spotify.com/v1/artists/2wUjUUtkb5lvLKcGKsKqsR', 'id': '2wUjUUtkb5lvLKcGKsKqsR', 'name': 'Alessia Cara', 'type': 'artist', 'uri': 'spotify:artist:2wUjUUtkb5lvLKcGKsKqsR'}], 'disc_number': 1, 'duration_ms': 175506, 'explicit': False, 'external_ids': {'isrc': 'USWD11677601'}, 'external_urls': {'spotify': 'https://open.spotify.com/track/1ehPJRt49h6N0LoryqKZXq'}, 'href': 'https://api.spotify.com/v1/tracks/1ehPJRt49h6N0LoryqKZXq', 'id': '1ehPJRt49h6N0LoryqKZXq', 'is_local': False, 'is_playable': True, 'linked_from': {'external_urls': {'spotify': 'https://open.spotify.com/track/5EbX5xL3O2xT8FxCpYzgUO'}, 'href': 'https://api.spotify.com/v1/tracks/5EbX5xL3O2xT8FxCpYzgUO', 'id': '5EbX5xL3O2xT8FxCpYzgUO', 'type': 'track', 'uri': 'spotify:track:5EbX5xL3O2xT8FxCpYzgUO'}, 'name': "How Far I'll Go - Alessia Cara Version", 'popularity': 68, 'preview_url': None, 'track_number': 13, 'type': 'track', 'uri': 'spotify:track:1ehPJRt49h6N0LoryqKZXq'}}
[2022-02-25 03:26:27,401] {logging_mixin.py:109} INFO - {'added_at': '2022-02-25T03:23:48Z', 'track': {'album': {'album_type': 'album', 'artists': [{'external_urls': {'spotify': 'https://open.spotify.com/artist/4AK6F7OLvEQ5QYCBNiQWHq'}, 'href': 'https://api.spotify.com/v1/artists/4AK6F7OLvEQ5QYCBNiQWHq', 'id': '4AK6F7OLvEQ5QYCBNiQWHq', 'name': 'One Direction', 'type': 'artist', 'uri': 'spotify:artist:4AK6F7OLvEQ5QYCBNiQWHq'}], 'external_urls': {'spotify': 'https://open.spotify.com/album/2sWX3HYnZjPZ9MrH6MFsBt'}, 'href': 'https://api.spotify.com/v1/albums/2sWX3HYnZjPZ9MrH6MFsBt', 'id': '2sWX3HYnZjPZ9MrH6MFsBt', 'images': [{'height': 640, 'url': 'https://i.scdn.co/image/ab67616d0000b2734e31e0d38b89b8fb239d4fbf', 'width': 640}, {'height': 300, 'url': 'https://i.scdn.co/image/ab67616d00001e024e31e0d38b89b8fb239d4fbf', 'width': 300}, {'height': 64, 'url': 'https://i.scdn.co/image/ab67616d000048514e31e0d38b89b8fb239d4fbf', 'width': 64}], 'name': 'Take Me Home (Expanded Edition)', 'release_date': '2012-11-12', 'release_date_precision': 'day', 'total_tracks': 20, 'type': 'album', 'uri': 'spotify:album:2sWX3HYnZjPZ9MrH6MFsBt'}, 'artists': [{'external_urls': {'spotify': 'https://open.spotify.com/artist/4AK6F7OLvEQ5QYCBNiQWHq'}, 'href': 'https://api.spotify.com/v1/artists/4AK6F7OLvEQ5QYCBNiQWHq', 'id': '4AK6F7OLvEQ5QYCBNiQWHq', 'name': 'One Direction', 'type': 'artist', 'uri': 'spotify:artist:4AK6F7OLvEQ5QYCBNiQWHq'}], 'disc_number': 1, 'duration_ms': 200400, 'explicit': False, 'external_ids': {'isrc': 'GBHMU1200368'}, 'external_urls': {'spotify': 'https://open.spotify.com/track/6M31fPFCYB8Job3MCjjrDV'}, 'href': 'https://api.spotify.com/v1/tracks/6M31fPFCYB8Job3MCjjrDV', 'id': '6M31fPFCYB8Job3MCjjrDV', 'is_local': False, 'is_playable': True, 'name': "They Don't Know About Us", 'popularity': 80, 'preview_url': 'https://p.scdn.co/mp3-preview/86e1fe441364b4e290f9aa7ced08f4d7ae9083f2?cid=774b29d4f13844c495f206cafdad9c86', 'track_number': 12, 'type': 'track', 'uri': 'spotify:track:6M31fPFCYB8Job3MCjjrDV'}}
[2022-02-25 03:26:27,402] {logging_mixin.py:109} INFO - {'added_at': '2022-02-25T03:23:34Z', 'track': {'album': {'album_type': 'album', 'artists': [{'external_urls': {'spotify': 'https://open.spotify.com/artist/04gDigrS5kc9YWfZHwBETP'}, 'href': 'https://api.spotify.com/v1/artists/04gDigrS5kc9YWfZHwBETP', 'id': '04gDigrS5kc9YWfZHwBETP', 'name': 'Maroon 5', 'type': 'artist', 'uri': 'spotify:artist:04gDigrS5kc9YWfZHwBETP'}], 'external_urls': {'spotify': 'https://open.spotify.com/album/2Auw0pTT6EcQdvHNimhLQI'}, 'href': 'https://api.spotify.com/v1/albums/2Auw0pTT6EcQdvHNimhLQI', 'id': '2Auw0pTT6EcQdvHNimhLQI', 'images': [{'height': 640, 'url': 'https://i.scdn.co/image/ab67616d0000b273442b53773d50e1b5369bb16c', 'width': 640}, {'height': 300, 'url': 'https://i.scdn.co/image/ab67616d00001e02442b53773d50e1b5369bb16c', 'width': 300}, {'height': 64, 'url': 'https://i.scdn.co/image/ab67616d00004851442b53773d50e1b5369bb16c', 'width': 64}], 'name': 'V', 'release_date': '2014-09-02', 'release_date_precision': 'day', 'total_tracks': 12, 'type': 'album', 'uri': 'spotify:album:2Auw0pTT6EcQdvHNimhLQI'}, 'artists': [{'external_urls': {'spotify': 'https://open.spotify.com/artist/04gDigrS5kc9YWfZHwBETP'}, 'href': 'https://api.spotify.com/v1/artists/04gDigrS5kc9YWfZHwBETP', 'id': '04gDigrS5kc9YWfZHwBETP', 'name': 'Maroon 5', 'type': 'artist', 'uri': 'spotify:artist:04gDigrS5kc9YWfZHwBETP'}], 'disc_number': 1, 'duration_ms': 231013, 'explicit': False, 'external_ids': {'isrc': 'USUM71409576'}, 'external_urls': {'spotify': 'https://open.spotify.com/track/2bL2gyO6kBdLkNSkxXNh6x'}, 'href': 'https://api.spotify.com/v1/tracks/2bL2gyO6kBdLkNSkxXNh6x', 'id': '2bL2gyO6kBdLkNSkxXNh6x', 'is_local': False, 'is_playable': True, 'name': 'Animals', 'popularity': 83, 'preview_url': None, 'track_number': 2, 'type': 'track', 'uri': 'spotify:track:2bL2gyO6kBdLkNSkxXNh6x'}}
[2022-02-25 03:26:27,402] {logging_mixin.py:109} INFO - {'added_at': '2022-02-25T03:22:03Z', 'track': {'album': {'album_type': 'album', 'artists': [{'external_urls': {'spotify': 'https://open.spotify.com/artist/7n2wHs1TKAczGzO7Dd2rGr'}, 'href': 'https://api.spotify.com/v1/artists/7n2wHs1TKAczGzO7Dd2rGr', 'id': '7n2wHs1TKAczGzO7Dd2rGr', 'name': 'Shawn Mendes', 'type': 'artist', 'uri': 'spotify:artist:7n2wHs1TKAczGzO7Dd2rGr'}], 'external_urls': {'spotify': 'https://open.spotify.com/album/6sUOosXuYt0oUeczJRbedZ'}, 'href': 'https://api.spotify.com/v1/albums/6sUOosXuYt0oUeczJRbedZ', 'id': '6sUOosXuYt0oUeczJRbedZ', 'images': [{'height': 640, 'url': 'https://i.scdn.co/image/ab67616d0000b273d26246b23c8bfa8ce543b3bb', 'width': 640}, {'height': 300, 'url': 'https://i.scdn.co/image/ab67616d00001e02d26246b23c8bfa8ce543b3bb', 'width': 300}, {'height': 64, 'url': 'https://i.scdn.co/image/ab67616d00004851d26246b23c8bfa8ce543b3bb', 'width': 64}], 'name': 'Handwritten', 'release_date': '2015-04-14', 'release_date_precision': 'day', 'total_tracks': 13, 'type': 'album', 'uri': 'spotify:album:6sUOosXuYt0oUeczJRbedZ'}, 'artists': [{'external_urls': {'spotify': 'https://open.spotify.com/artist/7n2wHs1TKAczGzO7Dd2rGr'}, 'href': 'https://api.spotify.com/v1/artists/7n2wHs1TKAczGzO7Dd2rGr', 'id': '7n2wHs1TKAczGzO7Dd2rGr', 'name': 'Shawn Mendes', 'type': 'artist', 'uri': 'spotify:artist:7n2wHs1TKAczGzO7Dd2rGr'}], 'disc_number': 1, 'duration_ms': 206880, 'explicit': False, 'external_ids': {'isrc': 'USUM71500658'}, 'external_urls': {'spotify': 'https://open.spotify.com/track/5jsw9uXEGuKyJzs0boZ1bT'}, 'href': 'https://api.spotify.com/v1/tracks/5jsw9uXEGuKyJzs0boZ1bT', 'id': '5jsw9uXEGuKyJzs0boZ1bT', 'is_local': False, 'is_playable': True, 'linked_from': {'external_urls': {'spotify': 'https://open.spotify.com/track/3zkWCteF82vJwv0hRLba76'}, 'href': 'https://api.spotify.com/v1/tracks/3zkWCteF82vJwv0hRLba76', 'id': '3zkWCteF82vJwv0hRLba76', 'type': 'track', 'uri': 'spotify:track:3zkWCteF82vJwv0hRLba76'}, 'name': 'Stitches', 'popularity': 76, 'preview_url': None, 'track_number': 2, 'type': 'track', 'uri': 'spotify:track:5jsw9uXEGuKyJzs0boZ1bT'}}
[2022-02-25 03:26:27,403] {logging_mixin.py:109} INFO - {'added_at': '2022-02-25T03:21:59Z', 'track': {'album': {'album_type': 'single', 'artists': [{'external_urls': {'spotify': 'https://open.spotify.com/artist/66CXWjxzNUsdJxJ2JdwvnR'}, 'href': 'https://api.spotify.com/v1/artists/66CXWjxzNUsdJxJ2JdwvnR', 'id': '66CXWjxzNUsdJxJ2JdwvnR', 'name': 'Ariana Grande', 'type': 'artist', 'uri': 'spotify:artist:66CXWjxzNUsdJxJ2JdwvnR'}, {'external_urls': {'spotify': 'https://open.spotify.com/artist/1uNFoZAHBGtllmzznpCI3s'}, 'href': 'https://api.spotify.com/v1/artists/1uNFoZAHBGtllmzznpCI3s', 'id': '1uNFoZAHBGtllmzznpCI3s', 'name': 'Justin Bieber', 'type': 'artist', 'uri': 'spotify:artist:1uNFoZAHBGtllmzznpCI3s'}], 'external_urls': {'spotify': 'https://open.spotify.com/album/5mUdh6YWnUvf0MfklEk1oi'}, 'href': 'https://api.spotify.com/v1/albums/5mUdh6YWnUvf0MfklEk1oi', 'id': '5mUdh6YWnUvf0MfklEk1oi', 'images': [{'height': 640, 'url': 'https://i.scdn.co/image/ab67616d0000b2732babb9dbd8f5146112f1bf86', 'width': 640}, {'height': 300, 'url': 'https://i.scdn.co/image/ab67616d00001e022babb9dbd8f5146112f1bf86', 'width': 300}, {'height': 64, 'url': 'https://i.scdn.co/image/ab67616d000048512babb9dbd8f5146112f1bf86', 'width': 64}], 'name': 'Stuck with U', 'release_date': '2020-05-08', 'release_date_precision': 'day', 'total_tracks': 1, 'type': 'album', 'uri': 'spotify:album:5mUdh6YWnUvf0MfklEk1oi'}, 'artists': [{'external_urls': {'spotify': 'https://open.spotify.com/artist/66CXWjxzNUsdJxJ2JdwvnR'}, 'href': 'https://api.spotify.com/v1/artists/66CXWjxzNUsdJxJ2JdwvnR', 'id': '66CXWjxzNUsdJxJ2JdwvnR', 'name': 'Ariana Grande', 'type': 'artist', 'uri': 'spotify:artist:66CXWjxzNUsdJxJ2JdwvnR'}, {'external_urls': {'spotify': 'https://open.spotify.com/artist/1uNFoZAHBGtllmzznpCI3s'}, 'href': 'https://api.spotify.com/v1/artists/1uNFoZAHBGtllmzznpCI3s', 'id': '1uNFoZAHBGtllmzznpCI3s', 'name': 'Justin Bieber', 'type': 'artist', 'uri': 'spotify:artist:1uNFoZAHBGtllmzznpCI3s'}], 'disc_number': 1, 'duration_ms': 228482, 'explicit': False, 'external_ids': {'isrc': 'USUM72009644'}, 'external_urls': {'spotify': 'https://open.spotify.com/track/4HBZA5flZLE435QTztThqH'}, 'href': 'https://api.spotify.com/v1/tracks/4HBZA5flZLE435QTztThqH', 'id': '4HBZA5flZLE435QTztThqH', 'is_local': False, 'is_playable': True, 'name': 'Stuck with U (with Justin Bieber)', 'popularity': 86, 'preview_url': None, 'track_number': 1, 'type': 'track', 'uri': 'spotify:track:4HBZA5flZLE435QTztThqH'}}
[2022-02-25 03:26:27,403] {logging_mixin.py:109} INFO - {'added_at': '2022-02-25T03:16:01Z', 'track': {'album': {'album_type': 'album', 'artists': [{'external_urls': {'spotify': 'https://open.spotify.com/artist/06HL4z0CvFAxyc27GXpf02'}, 'href': 'https://api.spotify.com/v1/artists/06HL4z0CvFAxyc27GXpf02', 'id': '06HL4z0CvFAxyc27GXpf02', 'name': 'Taylor Swift', 'type': 'artist', 'uri': 'spotify:artist:06HL4z0CvFAxyc27GXpf02'}], 'external_urls': {'spotify': 'https://open.spotify.com/album/2QJmrSgbdM35R67eoGQo4j'}, 'href': 'https://api.spotify.com/v1/albums/2QJmrSgbdM35R67eoGQo4j', 'id': '2QJmrSgbdM35R67eoGQo4j', 'images': [{'height': 640, 'url': 'https://i.scdn.co/image/ab67616d0000b273c79b600289a80aaef74d155d', 'width': 640}, {'height': 300, 'url': 'https://i.scdn.co/image/ab67616d00001e02c79b600289a80aaef74d155d', 'width': 300}, {'height': 64, 'url': 'https://i.scdn.co/image/ab67616d00004851c79b600289a80aaef74d155d', 'width': 64}], 'name': '1989', 'release_date': '2014-10-27', 'release_date_precision': 'day', 'total_tracks': 13, 'type': 'album', 'uri': 'spotify:album:2QJmrSgbdM35R67eoGQo4j'}, 'artists': [{'external_urls': {'spotify': 'https://open.spotify.com/artist/06HL4z0CvFAxyc27GXpf02'}, 'href': 'https://api.spotify.com/v1/artists/06HL4z0CvFAxyc27GXpf02', 'id': '06HL4z0CvFAxyc27GXpf02', 'name': 'Taylor Swift', 'type': 'artist', 'uri': 'spotify:artist:06HL4z0CvFAxyc27GXpf02'}], 'disc_number': 1, 'duration_ms': 231826, 'explicit': False, 'external_ids': {'isrc': 'USCJY1431309'}, 'external_urls': {'spotify': 'https://open.spotify.com/track/1p80LdxRV74UKvL8gnD7ky'}, 'href': 'https://api.spotify.com/v1/tracks/1p80LdxRV74UKvL8gnD7ky', 'id': '1p80LdxRV74UKvL8gnD7ky', 'is_local': False, 'is_playable': True, 'linked_from': {'external_urls': {'spotify': 'https://open.spotify.com/track/1u8c2t2Cy7UBoG4ArRcF5g'}, 'href': 'https://api.spotify.com/v1/tracks/1u8c2t2Cy7UBoG4ArRcF5g', 'id': '1u8c2t2Cy7UBoG4ArRcF5g', 'type': 'track', 'uri': 'spotify:track:1u8c2t2Cy7UBoG4ArRcF5g'}, 'name': 'Blank Space', 'popularity': 77, 'preview_url': None, 'track_number': 2, 'type': 'track', 'uri': 'spotify:track:1p80LdxRV74UKvL8gnD7ky'}}
[2022-02-25 03:26:27,404] {logging_mixin.py:109} INFO - {'added_at': '2022-02-25T03:15:59Z', 'track': {'album': {'album_type': 'album', 'artists': [{'external_urls': {'spotify': 'https://open.spotify.com/artist/53XhwfbYqKCa1cC15pYq2q'}, 'href': 'https://api.spotify.com/v1/artists/53XhwfbYqKCa1cC15pYq2q', 'id': '53XhwfbYqKCa1cC15pYq2q', 'name': 'Imagine Dragons', 'type': 'artist', 'uri': 'spotify:artist:53XhwfbYqKCa1cC15pYq2q'}], 'external_urls': {'spotify': 'https://open.spotify.com/album/3JfSxDfmwS5OeHPwLSkrfr'}, 'href': 'https://api.spotify.com/v1/albums/3JfSxDfmwS5OeHPwLSkrfr', 'id': '3JfSxDfmwS5OeHPwLSkrfr', 'images': [{'height': 640, 'url': 'https://i.scdn.co/image/ab67616d0000b273da6f73a25f4c79d0e6b4a8bd', 'width': 640}, {'height': 300, 'url': 'https://i.scdn.co/image/ab67616d00001e02da6f73a25f4c79d0e6b4a8bd', 'width': 300}, {'height': 64, 'url': 'https://i.scdn.co/image/ab67616d00004851da6f73a25f4c79d0e6b4a8bd', 'width': 64}], 'name': 'Origins (Deluxe)', 'release_date': '2018-11-09', 'release_date_precision': 'day', 'total_tracks': 15, 'type': 'album', 'uri': 'spotify:album:3JfSxDfmwS5OeHPwLSkrfr'}, 'artists': [{'external_urls': {'spotify': 'https://open.spotify.com/artist/53XhwfbYqKCa1cC15pYq2q'}, 'href': 'https://api.spotify.com/v1/artists/53XhwfbYqKCa1cC15pYq2q', 'id': '53XhwfbYqKCa1cC15pYq2q', 'name': 'Imagine Dragons', 'type': 'artist', 'uri': 'spotify:artist:53XhwfbYqKCa1cC15pYq2q'}], 'disc_number': 1, 'duration_ms': 260773, 'explicit': False, 'external_ids': {'isrc': 'USUM71816161'}, 'external_urls': {'spotify': 'https://open.spotify.com/track/2RSHsoi04658QL5xgQVov3'}, 'href': 'https://api.spotify.com/v1/tracks/2RSHsoi04658QL5xgQVov3', 'id': '2RSHsoi04658QL5xgQVov3', 'is_local': False, 'is_playable': True, 'name': 'Bad Liar', 'popularity': 82, 'preview_url': None, 'track_number': 5, 'type': 'track', 'uri': 'spotify:track:2RSHsoi04658QL5xgQVov3'}}
[2022-02-25 03:26:27,405] {logging_mixin.py:109} INFO - {'added_at': '2022-02-25T03:15:57Z', 'track': {'album': {'album_type': 'album', 'artists': [{'external_urls': {'spotify': 'https://open.spotify.com/artist/04gDigrS5kc9YWfZHwBETP'}, 'href': 'https://api.spotify.com/v1/artists/04gDigrS5kc9YWfZHwBETP', 'id': '04gDigrS5kc9YWfZHwBETP', 'name': 'Maroon 5', 'type': 'artist', 'uri': 'spotify:artist:04gDigrS5kc9YWfZHwBETP'}], 'external_urls': {'spotify': 'https://open.spotify.com/album/1pCA38N6MkLlthXtAOvZTU'}, 'href': 'https://api.spotify.com/v1/albums/1pCA38N6MkLlthXtAOvZTU', 'id': '1pCA38N6MkLlthXtAOvZTU', 'images': [{'height': 640, 'url': 'https://i.scdn.co/image/ab67616d0000b27386a8ab515de4b7aef28cd631', 'width': 640}, {'height': 300, 'url': 'https://i.scdn.co/image/ab67616d00001e0286a8ab515de4b7aef28cd631', 'width': 300}, {'height': 64, 'url': 'https://i.scdn.co/image/ab67616d0000485186a8ab515de4b7aef28cd631', 'width': 64}], 'name': 'JORDI (Deluxe)', 'release_date': '2021-06-11', 'release_date_precision': 'day', 'total_tracks': 14, 'type': 'album', 'uri': 'spotify:album:1pCA38N6MkLlthXtAOvZTU'}, 'artists': [{'external_urls': {'spotify': 'https://open.spotify.com/artist/04gDigrS5kc9YWfZHwBETP'}, 'href': 'https://api.spotify.com/v1/artists/04gDigrS5kc9YWfZHwBETP', 'id': '04gDigrS5kc9YWfZHwBETP', 'name': 'Maroon 5', 'type': 'artist', 'uri': 'spotify:artist:04gDigrS5kc9YWfZHwBETP'}], 'disc_number': 1, 'duration_ms': 189486, 'explicit': False, 'external_ids': {'isrc': 'USUM71913350'}, 'external_urls': {'spotify': 'https://open.spotify.com/track/4cktbXiXOapiLBMprHFErI'}, 'href': 'https://api.spotify.com/v1/tracks/4cktbXiXOapiLBMprHFErI', 'id': '4cktbXiXOapiLBMprHFErI', 'is_local': False, 'is_playable': True, 'name': 'Memories', 'popularity': 88, 'preview_url': None, 'track_number': 11, 'type': 'track', 'uri': 'spotify:track:4cktbXiXOapiLBMprHFErI'}}
[2022-02-25 03:26:27,407] {logging_mixin.py:109} INFO - {'added_at': '2022-02-25T03:15:55Z', 'track': {'album': {'album_type': 'single', 'artists': [{'external_urls': {'spotify': 'https://open.spotify.com/artist/2TL8gYTNgD6nXkyuUdDrMg'}, 'href': 'https://api.spotify.com/v1/artists/2TL8gYTNgD6nXkyuUdDrMg', 'id': '2TL8gYTNgD6nXkyuUdDrMg', 'name': 'Jasmine Thompson', 'type': 'artist', 'uri': 'spotify:artist:2TL8gYTNgD6nXkyuUdDrMg'}, {'external_urls': {'spotify': 'https://open.spotify.com/artist/6xjiYl5XkgNx8iuFsgs1Ll'}, 'href': 'https://api.spotify.com/v1/artists/6xjiYl5XkgNx8iuFsgs1Ll', 'id': '6xjiYl5XkgNx8iuFsgs1Ll', 'name': 'Gerald Ko', 'type': 'artist', 'uri': 'spotify:artist:6xjiYl5XkgNx8iuFsgs1Ll'}], 'external_urls': {'spotify': 'https://open.spotify.com/album/4sQFdHOAJOyCqOcbdueVO9'}, 'href': 'https://api.spotify.com/v1/albums/4sQFdHOAJOyCqOcbdueVO9', 'id': '4sQFdHOAJOyCqOcbdueVO9', 'images': [{'height': 640, 'url': 'https://i.scdn.co/image/ab67616d0000b27315a18eb79750d28efadd4221', 'width': 640}, {'height': 300, 'url': 'https://i.scdn.co/image/ab67616d00001e0215a18eb79750d28efadd4221', 'width': 300}, {'height': 64, 'url': 'https://i.scdn.co/image/ab67616d0000485115a18eb79750d28efadd4221', 'width': 64}], 'name': 'Everything Has Changed', 'release_date': '2013-08-04', 'release_date_precision': 'day', 'total_tracks': 1, 'type': 'album', 'uri': 'spotify:album:4sQFdHOAJOyCqOcbdueVO9'}, 'artists': [{'external_urls': {'spotify': 'https://open.spotify.com/artist/2TL8gYTNgD6nXkyuUdDrMg'}, 'href': 'https://api.spotify.com/v1/artists/2TL8gYTNgD6nXkyuUdDrMg', 'id': '2TL8gYTNgD6nXkyuUdDrMg', 'name': 'Jasmine Thompson', 'type': 'artist', 'uri': 'spotify:artist:2TL8gYTNgD6nXkyuUdDrMg'}, {'external_urls': {'spotify': 'https://open.spotify.com/artist/6xjiYl5XkgNx8iuFsgs1Ll'}, 'href': 'https://api.spotify.com/v1/artists/6xjiYl5XkgNx8iuFsgs1Ll', 'id': '6xjiYl5XkgNx8iuFsgs1Ll', 'name': 'Gerald Ko', 'type': 'artist', 'uri': 'spotify:artist:6xjiYl5XkgNx8iuFsgs1Ll'}], 'disc_number': 1, 'duration_ms': 221290, 'explicit': False, 'external_ids': {'isrc': 'GBKPL1361737'}, 'external_urls': {'spotify': 'https://open.spotify.com/track/1OwtReJarJWRQ4IHoNp3cN'}, 'href': 'https://api.spotify.com/v1/tracks/1OwtReJarJWRQ4IHoNp3cN', 'id': '1OwtReJarJWRQ4IHoNp3cN', 'is_local': False, 'is_playable': True, 'name': 'Everything Has Changed', 'popularity': 54, 'preview_url': 'https://p.scdn.co/mp3-preview/8694ac3df99301f29f719755326331187d356d15?cid=774b29d4f13844c495f206cafdad9c86', 'track_number': 1, 'type': 'track', 'uri': 'spotify:track:1OwtReJarJWRQ4IHoNp3cN'}}
[2022-02-25 03:26:27,407] {logging_mixin.py:109} INFO - {'added_at': '2022-02-21T23:51:02Z', 'track': {'album': {'album_type': 'album', 'artists': [{'external_urls': {'spotify': 'https://open.spotify.com/artist/5IH6FPUwQTxPSXurCrcIov'}, 'href': 'https://api.spotify.com/v1/artists/5IH6FPUwQTxPSXurCrcIov', 'id': '5IH6FPUwQTxPSXurCrcIov', 'name': 'Alec Benjamin', 'type': 'artist', 'uri': 'spotify:artist:5IH6FPUwQTxPSXurCrcIov'}], 'external_urls': {'spotify': 'https://open.spotify.com/album/6jKZplJpy21R5lHaYHHjmZ'}, 'href': 'https://api.spotify.com/v1/albums/6jKZplJpy21R5lHaYHHjmZ', 'id': '6jKZplJpy21R5lHaYHHjmZ', 'images': [{'height': 640, 'url': 'https://i.scdn.co/image/ab67616d0000b273459d675aa0b6f3b211357370', 'width': 640}, {'height': 300, 'url': 'https://i.scdn.co/image/ab67616d00001e02459d675aa0b6f3b211357370', 'width': 300}, {'height': 64, 'url': 'https://i.scdn.co/image/ab67616d00004851459d675aa0b6f3b211357370', 'width': 64}], 'name': 'Narrated For You', 'release_date': '2018-11-16', 'release_date_precision': 'day', 'total_tracks': 12, 'type': 'album', 'uri': 'spotify:album:6jKZplJpy21R5lHaYHHjmZ'}, 'artists': [{'external_urls': {'spotify': 'https://open.spotify.com/artist/5IH6FPUwQTxPSXurCrcIov'}, 'href': 'https://api.spotify.com/v1/artists/5IH6FPUwQTxPSXurCrcIov', 'id': '5IH6FPUwQTxPSXurCrcIov', 'name': 'Alec Benjamin', 'type': 'artist', 'uri': 'spotify:artist:5IH6FPUwQTxPSXurCrcIov'}], 'disc_number': 1, 'duration_ms': 169353, 'explicit': False, 'external_ids': {'isrc': 'USAT21802284'}, 'external_urls': {'spotify': 'https://open.spotify.com/track/2qxmye6gAegTMjLKEBoR3d'}, 'href': 'https://api.spotify.com/v1/tracks/2qxmye6gAegTMjLKEBoR3d', 'id': '2qxmye6gAegTMjLKEBoR3d', 'is_local': False, 'is_playable': True, 'name': 'Let Me Down Slowly', 'popularity': 86, 'preview_url': 'https://p.scdn.co/mp3-preview/a784e71dbc6c31f02d4ab06d36b472ecbddbaaf9?cid=774b29d4f13844c495f206cafdad9c86', 'track_number': 4, 'type': 'track', 'uri': 'spotify:track:2qxmye6gAegTMjLKEBoR3d'}}
[2022-02-25 03:26:27,408] {logging_mixin.py:109} INFO - {'added_at': '2022-02-21T22:33:25Z', 'track': {'album': {'album_type': 'single', 'artists': [{'external_urls': {'spotify': 'https://open.spotify.com/artist/7sNr4UxauWqLRElKZufDRU'}, 'href': 'https://api.spotify.com/v1/artists/7sNr4UxauWqLRElKZufDRU', 'id': '7sNr4UxauWqLRElKZufDRU', 'name': 'CARYS', 'type': 'artist', 'uri': 'spotify:artist:7sNr4UxauWqLRElKZufDRU'}], 'external_urls': {'spotify': 'https://open.spotify.com/album/1WWI952AFF6K4Gh1PsFRdv'}, 'href': 'https://api.spotify.com/v1/albums/1WWI952AFF6K4Gh1PsFRdv', 'id': '1WWI952AFF6K4Gh1PsFRdv', 'images': [{'height': 640, 'url': 'https://i.scdn.co/image/ab67616d0000b27370abdf00ac0977e43470aafb', 'width': 640}, {'height': 300, 'url': 'https://i.scdn.co/image/ab67616d00001e0270abdf00ac0977e43470aafb', 'width': 300}, {'height': 64, 'url': 'https://i.scdn.co/image/ab67616d0000485170abdf00ac0977e43470aafb', 'width': 64}], 'name': "Princesses Don't Cry", 'release_date': '2019-10-18', 'release_date_precision': 'day', 'total_tracks': 2, 'type': 'album', 'uri': 'spotify:album:1WWI952AFF6K4Gh1PsFRdv'}, 'artists': [{'external_urls': {'spotify': 'https://open.spotify.com/artist/7sNr4UxauWqLRElKZufDRU'}, 'href': 'https://api.spotify.com/v1/artists/7sNr4UxauWqLRElKZufDRU', 'id': '7sNr4UxauWqLRElKZufDRU', 'name': 'CARYS', 'type': 'artist', 'uri': 'spotify:artist:7sNr4UxauWqLRElKZufDRU'}], 'disc_number': 1, 'duration_ms': 212106, 'explicit': False, 'external_ids': {'isrc': 'CAX8G1700012'}, 'external_urls': {'spotify': 'https://open.spotify.com/track/2j3BmbOK0ZElUhsKH7q7eh'}, 'href': 'https://api.spotify.com/v1/tracks/2j3BmbOK0ZElUhsKH7q7eh', 'id': '2j3BmbOK0ZElUhsKH7q7eh', 'is_local': False, 'is_playable': True, 'name': "Princesses Don't Cry", 'popularity': 73, 'preview_url': 'https://p.scdn.co/mp3-preview/e19274c4f687c04d2eba1f9ec5753a526ff65fbd?cid=774b29d4f13844c495f206cafdad9c86', 'track_number': 1, 'type': 'track', 'uri': 'spotify:track:2j3BmbOK0ZElUhsKH7q7eh'}}
[2022-02-25 03:26:27,408] {logging_mixin.py:109} INFO - {'added_at': '2022-02-16T13:02:35Z', 'track': {'album': {'album_type': 'album', 'artists': [{'external_urls': {'spotify': 'https://open.spotify.com/artist/0C8ZW7ezQVs4URX5aX7Kqx'}, 'href': 'https://api.spotify.com/v1/artists/0C8ZW7ezQVs4URX5aX7Kqx', 'id': '0C8ZW7ezQVs4URX5aX7Kqx', 'name': 'Selena Gomez', 'type': 'artist', 'uri': 'spotify:artist:0C8ZW7ezQVs4URX5aX7Kqx'}], 'external_urls': {'spotify': 'https://open.spotify.com/album/3YPFaTR7WMi1Hd4NVKdCJx'}, 'href': 'https://api.spotify.com/v1/albums/3YPFaTR7WMi1Hd4NVKdCJx', 'id': '3YPFaTR7WMi1Hd4NVKdCJx', 'images': [{'height': 640, 'url': 'https://i.scdn.co/image/ab67616d0000b2732abcc266597eb46f897a8666', 'width': 640}, {'height': 300, 'url': 'https://i.scdn.co/image/ab67616d00001e022abcc266597eb46f897a8666', 'width': 300}, {'height': 64, 'url': 'https://i.scdn.co/image/ab67616d000048512abcc266597eb46f897a8666', 'width': 64}], 'name': 'Rare', 'release_date': '2020-01-10', 'release_date_precision': 'day', 'total_tracks': 13, 'type': 'album', 'uri': 'spotify:album:3YPFaTR7WMi1Hd4NVKdCJx'}, 'artists': [{'external_urls': {'spotify': 'https://open.spotify.com/artist/0C8ZW7ezQVs4URX5aX7Kqx'}, 'href': 'https://api.spotify.com/v1/artists/0C8ZW7ezQVs4URX5aX7Kqx', 'id': '0C8ZW7ezQVs4URX5aX7Kqx', 'name': 'Selena Gomez', 'type': 'artist', 'uri': 'spotify:artist:0C8ZW7ezQVs4URX5aX7Kqx'}], 'disc_number': 1, 'duration_ms': 206458, 'explicit': False, 'external_ids': {'isrc': 'USUM71918727'}, 'external_urls': {'spotify': 'https://open.spotify.com/track/4l0Mvzj72xxOpRrp6h8nHi'}, 'href': 'https://api.spotify.com/v1/tracks/4l0Mvzj72xxOpRrp6h8nHi', 'id': '4l0Mvzj72xxOpRrp6h8nHi', 'is_local': False, 'is_playable': True, 'name': 'Lose You To Love Me', 'popularity': 84, 'preview_url': None, 'track_number': 4, 'type': 'track', 'uri': 'spotify:track:4l0Mvzj72xxOpRrp6h8nHi'}}
[2022-02-25 03:26:27,409] {logging_mixin.py:109} INFO - {'added_at': '2022-02-12T14:09:04Z', 'track': {'album': {'album_type': 'album', 'artists': [{'external_urls': {'spotify': 'https://open.spotify.com/artist/7vk5e3vY1uw9plTHJAMwjN'}, 'href': 'https://api.spotify.com/v1/artists/7vk5e3vY1uw9plTHJAMwjN', 'id': '7vk5e3vY1uw9plTHJAMwjN', 'name': 'Alan Walker', 'type': 'artist', 'uri': 'spotify:artist:7vk5e3vY1uw9plTHJAMwjN'}], 'external_urls': {'spotify': 'https://open.spotify.com/album/3KrkQ77DF9OUB0aOzKFYOF'}, 'href': 'https://api.spotify.com/v1/albums/3KrkQ77DF9OUB0aOzKFYOF', 'id': '3KrkQ77DF9OUB0aOzKFYOF', 'images': [{'height': 640, 'url': 'https://i.scdn.co/image/ab67616d0000b273df9a35baaa98675256b35177', 'width': 640}, {'height': 300, 'url': 'https://i.scdn.co/image/ab67616d00001e02df9a35baaa98675256b35177', 'width': 300}, {'height': 64, 'url': 'https://i.scdn.co/image/ab67616d00004851df9a35baaa98675256b35177', 'width': 64}], 'name': 'World Of Walker', 'release_date': '2021-11-26', 'release_date_precision': 'day', 'total_tracks': 15, 'type': 'album', 'uri': 'spotify:album:3KrkQ77DF9OUB0aOzKFYOF'}, 'artists': [{'external_urls': {'spotify': 'https://open.spotify.com/artist/7vk5e3vY1uw9plTHJAMwjN'}, 'href': 'https://api.spotify.com/v1/artists/7vk5e3vY1uw9plTHJAMwjN', 'id': '7vk5e3vY1uw9plTHJAMwjN', 'name': 'Alan Walker', 'type': 'artist', 'uri': 'spotify:artist:7vk5e3vY1uw9plTHJAMwjN'}, {'external_urls': {'spotify': 'https://open.spotify.com/artist/74KM79TiuVKeVCqs8QtB0B'}, 'href': 'https://api.spotify.com/v1/artists/74KM79TiuVKeVCqs8QtB0B', 'id': '74KM79TiuVKeVCqs8QtB0B', 'name': 'Sabrina Carpenter', 'type': 'artist', 'uri': 'spotify:artist:74KM79TiuVKeVCqs8QtB0B'}, {'external_urls': {'spotify': 'https://open.spotify.com/artist/329e4yvIujISKGKz1BZZbO'}, 'href': 'https://api.spotify.com/v1/artists/329e4yvIujISKGKz1BZZbO', 'id': '329e4yvIujISKGKz1BZZbO', 'name': 'Farruko', 'type': 'artist', 'uri': 'spotify:artist:329e4yvIujISKGKz1BZZbO'}], 'disc_number': 1, 'duration_ms': 193959, 'explicit': True, 'external_ids': {'isrc': 'NOG841901010'}, 'external_urls': {'spotify': 'https://open.spotify.com/track/3BomnHfqKZCdPJC9bkGBjE'}, 'href': 'https://api.spotify.com/v1/tracks/3BomnHfqKZCdPJC9bkGBjE', 'id': '3BomnHfqKZCdPJC9bkGBjE', 'is_local': False, 'is_playable': True, 'name': 'On My Way', 'popularity': 69, 'preview_url': 'https://p.scdn.co/mp3-preview/93a2c51d4f261b618810ba5bad12cbeb6677338a?cid=774b29d4f13844c495f206cafdad9c86', 'track_number': 9, 'type': 'track', 'uri': 'spotify:track:3BomnHfqKZCdPJC9bkGBjE'}}
[2022-02-25 03:26:27,409] {logging_mixin.py:109} INFO - {'added_at': '2022-02-12T13:51:32Z', 'track': {'album': {'album_type': 'album', 'artists': [{'external_urls': {'spotify': 'https://open.spotify.com/artist/6VuMaDnrHyPL1p4EHjYLi7'}, 'href': 'https://api.spotify.com/v1/artists/6VuMaDnrHyPL1p4EHjYLi7', 'id': '6VuMaDnrHyPL1p4EHjYLi7', 'name': 'Charlie Puth', 'type': 'artist', 'uri': 'spotify:artist:6VuMaDnrHyPL1p4EHjYLi7'}], 'external_urls': {'spotify': 'https://open.spotify.com/album/0mZIUXje90JtHxPNzWsJNR'}, 'href': 'https://api.spotify.com/v1/albums/0mZIUXje90JtHxPNzWsJNR', 'id': '0mZIUXje90JtHxPNzWsJNR', 'images': [{'height': 640, 'url': 'https://i.scdn.co/image/ab67616d0000b273897f73256b9128a9d70eaf66', 'width': 640}, {'height': 300, 'url': 'https://i.scdn.co/image/ab67616d00001e02897f73256b9128a9d70eaf66', 'width': 300}, {'height': 64, 'url': 'https://i.scdn.co/image/ab67616d00004851897f73256b9128a9d70eaf66', 'width': 64}], 'name': 'Voicenotes', 'release_date': '2018-05-11', 'release_date_precision': 'day', 'total_tracks': 13, 'type': 'album', 'uri': 'spotify:album:0mZIUXje90JtHxPNzWsJNR'}, 'artists': [{'external_urls': {'spotify': 'https://open.spotify.com/artist/6VuMaDnrHyPL1p4EHjYLi7'}, 'href': 'https://api.spotify.com/v1/artists/6VuMaDnrHyPL1p4EHjYLi7', 'id': '6VuMaDnrHyPL1p4EHjYLi7', 'name': 'Charlie Puth', 'type': 'artist', 'uri': 'spotify:artist:6VuMaDnrHyPL1p4EHjYLi7'}], 'disc_number': 1, 'duration_ms': 208786, 'explicit': False, 'external_ids': {'isrc': 'USAT21700928'}, 'external_urls': {'spotify': 'https://open.spotify.com/track/5cF0dROlMOK5uNZtivgu50'}, 'href': 'https://api.spotify.com/v1/tracks/5cF0dROlMOK5uNZtivgu50', 'id': '5cF0dROlMOK5uNZtivgu50', 'is_local': False, 'is_playable': True, 'name': 'Attention', 'popularity': 84, 'preview_url': 'https://p.scdn.co/mp3-preview/d7369d506a0647ccd433c7d0ec290d8be52c186f?cid=774b29d4f13844c495f206cafdad9c86', 'track_number': 2, 'type': 'track', 'uri': 'spotify:track:5cF0dROlMOK5uNZtivgu50'}}
[2022-02-25 03:26:27,409] {logging_mixin.py:109} INFO - {'added_at': '2022-02-08T11:52:59Z', 'track': {'album': {'album_type': 'album', 'artists': [{'external_urls': {'spotify': 'https://open.spotify.com/artist/2CkrXQPoBz8jTQ3u0ZeLPh'}, 'href': 'https://api.spotify.com/v1/artists/2CkrXQPoBz8jTQ3u0ZeLPh', 'id': '2CkrXQPoBz8jTQ3u0ZeLPh', 'name': 'Nucleya', 'type': 'artist', 'uri': 'spotify:artist:2CkrXQPoBz8jTQ3u0ZeLPh'}], 'external_urls': {'spotify': 'https://open.spotify.com/album/6qz7Uf0jWIEaAr7vEr5cYY'}, 'href': 'https://api.spotify.com/v1/albums/6qz7Uf0jWIEaAr7vEr5cYY', 'id': '6qz7Uf0jWIEaAr7vEr5cYY', 'images': [{'height': 640, 'url': 'https://i.scdn.co/image/ab67616d0000b273c80f56113d68a4b439c5d7fe', 'width': 640}, {'height': 300, 'url': 'https://i.scdn.co/image/ab67616d00001e02c80f56113d68a4b439c5d7fe', 'width': 300}, {'height': 64, 'url': 'https://i.scdn.co/image/ab67616d00004851c80f56113d68a4b439c5d7fe', 'width': 64}], 'name': 'Bass Rani', 'release_date': '2015-09-07', 'release_date_precision': 'day', 'total_tracks': 7, 'type': 'album', 'uri': 'spotify:album:6qz7Uf0jWIEaAr7vEr5cYY'}, 'artists': [{'external_urls': {'spotify': 'https://open.spotify.com/artist/2CkrXQPoBz8jTQ3u0ZeLPh'}, 'href': 'https://api.spotify.com/v1/artists/2CkrXQPoBz8jTQ3u0ZeLPh', 'id': '2CkrXQPoBz8jTQ3u0ZeLPh', 'name': 'Nucleya', 'type': 'artist', 'uri': 'spotify:artist:2CkrXQPoBz8jTQ3u0ZeLPh'}, {'external_urls': {'spotify': 'https://open.spotify.com/artist/25rYHJjDq8FFPApQnj3LXT'}, 'href': 'https://api.spotify.com/v1/artists/25rYHJjDq8FFPApQnj3LXT', 'id': '25rYHJjDq8FFPApQnj3LXT', 'name': 'Avneet Khurmi', 'type': 'artist', 'uri': 'spotify:artist:25rYHJjDq8FFPApQnj3LXT'}, {'external_urls': {'spotify': 'https://open.spotify.com/artist/2wvailFbq8saNtUqSUejJi'}, 'href': 'https://api.spotify.com/v1/artists/2wvailFbq8saNtUqSUejJi', 'id': '2wvailFbq8saNtUqSUejJi', 'name': 'Guri Gangsta', 'type': 'artist', 'uri': 'spotify:artist:2wvailFbq8saNtUqSUejJi'}], 'disc_number': 1, 'duration_ms': 271304, 'explicit': False, 'external_ids': {'isrc': 'FR2X41604893'}, 'external_urls': {'spotify': 'https://open.spotify.com/track/5lGN9hkorYrkMRdERpzwI0'}, 'href': 'https://api.spotify.com/v1/tracks/5lGN9hkorYrkMRdERpzwI0', 'id': '5lGN9hkorYrkMRdERpzwI0', 'is_local': False, 'is_playable': True, 'name': 'Aaja', 'popularity': 50, 'preview_url': 'https://p.scdn.co/mp3-preview/161aaa6397f135386d0657566d792f38dae425db?cid=774b29d4f13844c495f206cafdad9c86', 'track_number': 3, 'type': 'track', 'uri': 'spotify:track:5lGN9hkorYrkMRdERpzwI0'}}
[2022-02-25 03:26:27,410] {logging_mixin.py:109} INFO - {'added_at': '2022-02-08T11:43:56Z', 'track': {'album': {'album_type': 'single', 'artists': [{'external_urls': {'spotify': 'https://open.spotify.com/artist/2CkrXQPoBz8jTQ3u0ZeLPh'}, 'href': 'https://api.spotify.com/v1/artists/2CkrXQPoBz8jTQ3u0ZeLPh', 'id': '2CkrXQPoBz8jTQ3u0ZeLPh', 'name': 'Nucleya', 'type': 'artist', 'uri': 'spotify:artist:2CkrXQPoBz8jTQ3u0ZeLPh'}], 'external_urls': {'spotify': 'https://open.spotify.com/album/3l1WUuc3q1fwVrqiJL78Rv'}, 'href': 'https://api.spotify.com/v1/albums/3l1WUuc3q1fwVrqiJL78Rv', 'id': '3l1WUuc3q1fwVrqiJL78Rv', 'images': [{'height': 640, 'url': 'https://i.scdn.co/image/ab67616d0000b273488f991870f6209708b08740', 'width': 640}, {'height': 300, 'url': 'https://i.scdn.co/image/ab67616d00001e02488f991870f6209708b08740', 'width': 300}, {'height': 64, 'url': 'https://i.scdn.co/image/ab67616d00004851488f991870f6209708b08740', 'width': 64}], 'name': 'Raja Baja', 'release_date': '2016-09-03', 'release_date_precision': 'day', 'total_tracks': 6, 'type': 'album', 'uri': 'spotify:album:3l1WUuc3q1fwVrqiJL78Rv'}, 'artists': [{'external_urls': {'spotify': 'https://open.spotify.com/artist/2CkrXQPoBz8jTQ3u0ZeLPh'}, 'href': 'https://api.spotify.com/v1/artists/2CkrXQPoBz8jTQ3u0ZeLPh', 'id': '2CkrXQPoBz8jTQ3u0ZeLPh', 'name': 'Nucleya', 'type': 'artist', 'uri': 'spotify:artist:2CkrXQPoBz8jTQ3u0ZeLPh'}, {'external_urls': {'spotify': 'https://open.spotify.com/artist/4faYoMlqyHUk7oGpbK2nNo'}, 'href': 'https://api.spotify.com/v1/artists/4faYoMlqyHUk7oGpbK2nNo', 'id': '4faYoMlqyHUk7oGpbK2nNo', 'name': 'Gagan Mudgal', 'type': 'artist', 'uri': 'spotify:artist:4faYoMlqyHUk7oGpbK2nNo'}], 'disc_number': 1, 'duration_ms': 210309, 'explicit': False, 'external_ids': {'isrc': 'FR10S1723089'}, 'external_urls': {'spotify': 'https://open.spotify.com/track/4Xgmn95texORroGsAUu3sY'}, 'href': 'https://api.spotify.com/v1/tracks/4Xgmn95texORroGsAUu3sY', 'id': '4Xgmn95texORroGsAUu3sY', 'is_local': False, 'is_playable': True, 'name': 'Bhayanak Atma', 'popularity': 51, 'preview_url': 'https://p.scdn.co/mp3-preview/9ab57b28881c941b34e487038f2952dc3babd057?cid=774b29d4f13844c495f206cafdad9c86', 'track_number': 2, 'type': 'track', 'uri': 'spotify:track:4Xgmn95texORroGsAUu3sY'}}
[2022-02-25 03:26:27,411] {logging_mixin.py:109} INFO - {'added_at': '2022-02-08T11:43:55Z', 'track': {'album': {'album_type': 'single', 'artists': [{'external_urls': {'spotify': 'https://open.spotify.com/artist/72beYOeW2sb2yfcS4JsRvb'}, 'href': 'https://api.spotify.com/v1/artists/72beYOeW2sb2yfcS4JsRvb', 'id': '72beYOeW2sb2yfcS4JsRvb', 'name': 'Ritviz', 'type': 'artist', 'uri': 'spotify:artist:72beYOeW2sb2yfcS4JsRvb'}, {'external_urls': {'spotify': 'https://open.spotify.com/artist/2CkrXQPoBz8jTQ3u0ZeLPh'}, 'href': 'https://api.spotify.com/v1/artists/2CkrXQPoBz8jTQ3u0ZeLPh', 'id': '2CkrXQPoBz8jTQ3u0ZeLPh', 'name': 'Nucleya', 'type': 'artist', 'uri': 'spotify:artist:2CkrXQPoBz8jTQ3u0ZeLPh'}], 'external_urls': {'spotify': 'https://open.spotify.com/album/5tJNl2p7wNTuRBvikWFHSn'}, 'href': 'https://api.spotify.com/v1/albums/5tJNl2p7wNTuRBvikWFHSn', 'id': '5tJNl2p7wNTuRBvikWFHSn', 'images': [{'height': 640, 'url': 'https://i.scdn.co/image/ab67616d0000b27335d8a18e284344886486f44f', 'width': 640}, {'height': 300, 'url': 'https://i.scdn.co/image/ab67616d00001e0235d8a18e284344886486f44f', 'width': 300}, {'height': 64, 'url': 'https://i.scdn.co/image/ab67616d0000485135d8a18e284344886486f44f', 'width': 64}], 'name': 'Baaraat', 'release_date': '2021-09-25', 'release_date_precision': 'day', 'total_tracks': 4, 'type': 'album', 'uri': 'spotify:album:5tJNl2p7wNTuRBvikWFHSn'}, 'artists': [{'external_urls': {'spotify': 'https://open.spotify.com/artist/72beYOeW2sb2yfcS4JsRvb'}, 'href': 'https://api.spotify.com/v1/artists/72beYOeW2sb2yfcS4JsRvb', 'id': '72beYOeW2sb2yfcS4JsRvb', 'name': 'Ritviz', 'type': 'artist', 'uri': 'spotify:artist:72beYOeW2sb2yfcS4JsRvb'}, {'external_urls': {'spotify': 'https://open.spotify.com/artist/2CkrXQPoBz8jTQ3u0ZeLPh'}, 'href': 'https://api.spotify.com/v1/artists/2CkrXQPoBz8jTQ3u0ZeLPh', 'id': '2CkrXQPoBz8jTQ3u0ZeLPh', 'name': 'Nucleya', 'type': 'artist', 'uri': 'spotify:artist:2CkrXQPoBz8jTQ3u0ZeLPh'}], 'disc_number': 1, 'duration_ms': 222096, 'explicit': False, 'external_ids': {'isrc': 'TCAFU2161038'}, 'external_urls': {'spotify': 'https://open.spotify.com/track/0YLSjVxSb5FT1Bo8Tnxr8j'}, 'href': 'https://api.spotify.com/v1/tracks/0YLSjVxSb5FT1Bo8Tnxr8j', 'id': '0YLSjVxSb5FT1Bo8Tnxr8j', 'is_local': False, 'is_playable': True, 'name': 'Baaraat', 'popularity': 69, 'preview_url': 'https://p.scdn.co/mp3-preview/2bb5e6a1dd787907e321fb05f5f9f4591b8d63b0?cid=774b29d4f13844c495f206cafdad9c86', 'track_number': 4, 'type': 'track', 'uri': 'spotify:track:0YLSjVxSb5FT1Bo8Tnxr8j'}}
[2022-02-25 03:26:27,411] {logging_mixin.py:109} INFO - {'added_at': '2022-02-08T11:43:54Z', 'track': {'album': {'album_type': 'album', 'artists': [{'external_urls': {'spotify': 'https://open.spotify.com/artist/2CkrXQPoBz8jTQ3u0ZeLPh'}, 'href': 'https://api.spotify.com/v1/artists/2CkrXQPoBz8jTQ3u0ZeLPh', 'id': '2CkrXQPoBz8jTQ3u0ZeLPh', 'name': 'Nucleya', 'type': 'artist', 'uri': 'spotify:artist:2CkrXQPoBz8jTQ3u0ZeLPh'}], 'external_urls': {'spotify': 'https://open.spotify.com/album/6qz7Uf0jWIEaAr7vEr5cYY'}, 'href': 'https://api.spotify.com/v1/albums/6qz7Uf0jWIEaAr7vEr5cYY', 'id': '6qz7Uf0jWIEaAr7vEr5cYY', 'images': [{'height': 640, 'url': 'https://i.scdn.co/image/ab67616d0000b273c80f56113d68a4b439c5d7fe', 'width': 640}, {'height': 300, 'url': 'https://i.scdn.co/image/ab67616d00001e02c80f56113d68a4b439c5d7fe', 'width': 300}, {'height': 64, 'url': 'https://i.scdn.co/image/ab67616d00004851c80f56113d68a4b439c5d7fe', 'width': 64}], 'name': 'Bass Rani', 'release_date': '2015-09-07', 'release_date_precision': 'day', 'total_tracks': 7, 'type': 'album', 'uri': 'spotify:album:6qz7Uf0jWIEaAr7vEr5cYY'}, 'artists': [{'external_urls': {'spotify': 'https://open.spotify.com/artist/2CkrXQPoBz8jTQ3u0ZeLPh'}, 'href': 'https://api.spotify.com/v1/artists/2CkrXQPoBz8jTQ3u0ZeLPh', 'id': '2CkrXQPoBz8jTQ3u0ZeLPh', 'name': 'Nucleya', 'type': 'artist', 'uri': 'spotify:artist:2CkrXQPoBz8jTQ3u0ZeLPh'}, {'external_urls': {'spotify': 'https://open.spotify.com/artist/25rYHJjDq8FFPApQnj3LXT'}, 'href': 'https://api.spotify.com/v1/artists/25rYHJjDq8FFPApQnj3LXT', 'id': '25rYHJjDq8FFPApQnj3LXT', 'name': 'Avneet Khurmi', 'type': 'artist', 'uri': 'spotify:artist:25rYHJjDq8FFPApQnj3LXT'}], 'disc_number': 1, 'duration_ms': 213913, 'explicit': False, 'external_ids': {'isrc': 'FR2X41604890'}, 'external_urls': {'spotify': 'https://open.spotify.com/track/11j7AtNPZNq6BUQhAYrWvC'}, 'href': 'https://api.spotify.com/v1/tracks/11j7AtNPZNq6BUQhAYrWvC', 'id': '11j7AtNPZNq6BUQhAYrWvC', 'is_local': False, 'is_playable': True, 'name': 'Laung Gawacha', 'popularity': 54, 'preview_url': 'https://p.scdn.co/mp3-preview/b57071ad61fd1a46c4cce66676720de163efadb8?cid=774b29d4f13844c495f206cafdad9c86', 'track_number': 1, 'type': 'track', 'uri': 'spotify:track:11j7AtNPZNq6BUQhAYrWvC'}}
[2022-02-25 03:26:27,418] {logging_mixin.py:109} INFO - afskgsfiaufbkabfiaefoa
[2022-02-25 03:26:27,442] {logging_mixin.py:109} INFO -                                      song_name       artist_name              added_at
0   We Don't Talk Anymore (feat. Selena Gomez)      Charlie Puth  2022-02-25T03:25:31Z
1                      Like I'm Gonna Lose You  Jasmine Thompson  2022-02-25T03:23:49Z
2       How Far I'll Go - Alessia Cara Version   Various Artists  2022-02-25T03:23:48Z
3                     They Don't Know About Us     One Direction  2022-02-25T03:23:48Z
4                                      Animals          Maroon 5  2022-02-25T03:23:34Z
5                                     Stitches      Shawn Mendes  2022-02-25T03:22:03Z
6            Stuck with U (with Justin Bieber)     Ariana Grande  2022-02-25T03:21:59Z
7                                  Blank Space      Taylor Swift  2022-02-25T03:16:01Z
8                                     Bad Liar   Imagine Dragons  2022-02-25T03:15:59Z
9                                     Memories          Maroon 5  2022-02-25T03:15:57Z
10                      Everything Has Changed  Jasmine Thompson  2022-02-25T03:15:55Z
11                          Let Me Down Slowly     Alec Benjamin  2022-02-21T23:51:02Z
12                        Princesses Don't Cry             CARYS  2022-02-21T22:33:25Z
13                         Lose You To Love Me      Selena Gomez  2022-02-16T13:02:35Z
14                                   On My Way       Alan Walker  2022-02-12T14:09:04Z
15                                   Attention      Charlie Puth  2022-02-12T13:51:32Z
16                                        Aaja           Nucleya  2022-02-08T11:52:59Z
17                               Bhayanak Atma           Nucleya  2022-02-08T11:43:56Z
18                                     Baaraat            Ritviz  2022-02-08T11:43:55Z
19                               Laung Gawacha           Nucleya  2022-02-08T11:43:54Z
[2022-02-25 03:26:27,445] {logging_mixin.py:109} INFO - Opened database successfully
[2022-02-25 03:26:27,463] {taskinstance.py:1718} ERROR - Task failed with exception
Traceback (most recent call last):
  File "/Users/user/oneplace/dags/spotify_check_dag.py", line 94, in spotify_etl_function
    song_df.to_sql("my_played_tracks", engine, index=False, if_exists='append')
  File "/Users/user/oneplace/opVM/lib/python3.9/site-packages/pandas/core/generic.py", line 2963, in to_sql
    return sql.to_sql(
  File "/Users/user/oneplace/opVM/lib/python3.9/site-packages/pandas/io/sql.py", line 697, in to_sql
    return pandas_sql.to_sql(
  File "/Users/user/oneplace/opVM/lib/python3.9/site-packages/pandas/io/sql.py", line 1727, in to_sql
    sql_engine = get_engine(engine)
  File "/Users/user/oneplace/opVM/lib/python3.9/site-packages/pandas/io/sql.py", line 1351, in get_engine
    raise ImportError(
ImportError: Unable to find a usable engine; tried using: 'sqlalchemy'.
A suitable version of sqlalchemy is required for sql I/O support.
Trying to import the above resulted in these errors:
 - Pandas requires version '1.4.0' or newer of 'sqlalchemy' (version '1.3.24' currently installed).

During handling of the above exception, another exception occurred:

Traceback (most recent call last):
  File "/Users/user/oneplace/opVM/lib/python3.9/site-packages/airflow/models/taskinstance.py", line 1334, in _run_raw_task
    self._execute_task_with_callbacks(context)
  File "/Users/user/oneplace/opVM/lib/python3.9/site-packages/airflow/models/taskinstance.py", line 1460, in _execute_task_with_callbacks
    result = self._execute_task(context, self.task)
  File "/Users/user/oneplace/opVM/lib/python3.9/site-packages/airflow/models/taskinstance.py", line 1516, in _execute_task
    result = execute_callable(context=context)
  File "/Users/user/oneplace/opVM/lib/python3.9/site-packages/airflow/operators/python.py", line 174, in execute
    return_value = self.execute_callable()
  File "/Users/user/oneplace/opVM/lib/python3.9/site-packages/airflow/operators/python.py", line 188, in execute_callable
    return self.python_callable(*self.op_args, **self.op_kwargs)
  File "/Users/user/oneplace/dags/spotify_check_dag.py", line 98, in spotify_etl_function
    song_df.to_sql("my_played_tracks", conn, index=False, if_exists='append')
  File "/Users/user/oneplace/opVM/lib/python3.9/site-packages/pandas/core/generic.py", line 2963, in to_sql
    return sql.to_sql(
  File "/Users/user/oneplace/opVM/lib/python3.9/site-packages/pandas/io/sql.py", line 697, in to_sql
    return pandas_sql.to_sql(
  File "/Users/user/oneplace/opVM/lib/python3.9/site-packages/pandas/io/sql.py", line 2190, in to_sql
    return table.insert(chunksize, method)
  File "/Users/user/oneplace/opVM/lib/python3.9/site-packages/pandas/io/sql.py", line 950, in insert
    num_inserted = exec_insert(conn, keys, chunk_iter)
  File "/Users/user/oneplace/opVM/lib/python3.9/site-packages/pandas/io/sql.py", line 1896, in _execute_insert
    conn.executemany(self.insert_statement(num_rows=1), data_list)
sqlite3.IntegrityError: UNIQUE constraint failed: my_played_tracks.added_at
[2022-02-25 03:26:27,501] {taskinstance.py:1272} INFO - Marking task as FAILED. dag_id=Spotify_Song_dag, task_id=spotify_etl, execution_date=20220225T032540, start_date=20220225T032626, end_date=20220225T032627
[2022-02-25 03:26:27,542] {standard_task_runner.py:89} ERROR - Failed to execute job 80 for task spotify_etl
Traceback (most recent call last):
  File "/Users/user/oneplace/dags/spotify_check_dag.py", line 94, in spotify_etl_function
    song_df.to_sql("my_played_tracks", engine, index=False, if_exists='append')
  File "/Users/user/oneplace/opVM/lib/python3.9/site-packages/pandas/core/generic.py", line 2963, in to_sql
    return sql.to_sql(
  File "/Users/user/oneplace/opVM/lib/python3.9/site-packages/pandas/io/sql.py", line 697, in to_sql
    return pandas_sql.to_sql(
  File "/Users/user/oneplace/opVM/lib/python3.9/site-packages/pandas/io/sql.py", line 1727, in to_sql
    sql_engine = get_engine(engine)
  File "/Users/user/oneplace/opVM/lib/python3.9/site-packages/pandas/io/sql.py", line 1351, in get_engine
    raise ImportError(
ImportError: Unable to find a usable engine; tried using: 'sqlalchemy'.
A suitable version of sqlalchemy is required for sql I/O support.
Trying to import the above resulted in these errors:
 - Pandas requires version '1.4.0' or newer of 'sqlalchemy' (version '1.3.24' currently installed).

During handling of the above exception, another exception occurred:

Traceback (most recent call last):
  File "/Users/user/oneplace/opVM/lib/python3.9/site-packages/airflow/task/task_runner/standard_task_runner.py", line 85, in _start_by_fork
    args.func(args, dag=self.dag)
  File "/Users/user/oneplace/opVM/lib/python3.9/site-packages/airflow/cli/cli_parser.py", line 48, in command
    return func(*args, **kwargs)
  File "/Users/user/oneplace/opVM/lib/python3.9/site-packages/airflow/utils/cli.py", line 92, in wrapper
    return f(*args, **kwargs)
  File "/Users/user/oneplace/opVM/lib/python3.9/site-packages/airflow/cli/commands/task_command.py", line 298, in task_run
    _run_task_by_selected_method(args, dag, ti)
  File "/Users/user/oneplace/opVM/lib/python3.9/site-packages/airflow/cli/commands/task_command.py", line 107, in _run_task_by_selected_method
    _run_raw_task(args, ti)
  File "/Users/user/oneplace/opVM/lib/python3.9/site-packages/airflow/cli/commands/task_command.py", line 180, in _run_raw_task
    ti._run_raw_task(
  File "/Users/user/oneplace/opVM/lib/python3.9/site-packages/airflow/utils/session.py", line 70, in wrapper
    return func(*args, session=session, **kwargs)
  File "/Users/user/oneplace/opVM/lib/python3.9/site-packages/airflow/models/taskinstance.py", line 1334, in _run_raw_task
    self._execute_task_with_callbacks(context)
  File "/Users/user/oneplace/opVM/lib/python3.9/site-packages/airflow/models/taskinstance.py", line 1460, in _execute_task_with_callbacks
    result = self._execute_task(context, self.task)
  File "/Users/user/oneplace/opVM/lib/python3.9/site-packages/airflow/models/taskinstance.py", line 1516, in _execute_task
    result = execute_callable(context=context)
  File "/Users/user/oneplace/opVM/lib/python3.9/site-packages/airflow/operators/python.py", line 174, in execute
    return_value = self.execute_callable()
  File "/Users/user/oneplace/opVM/lib/python3.9/site-packages/airflow/operators/python.py", line 188, in execute_callable
    return self.python_callable(*self.op_args, **self.op_kwargs)
  File "/Users/user/oneplace/dags/spotify_check_dag.py", line 98, in spotify_etl_function
    song_df.to_sql("my_played_tracks", conn, index=False, if_exists='append')
  File "/Users/user/oneplace/opVM/lib/python3.9/site-packages/pandas/core/generic.py", line 2963, in to_sql
    return sql.to_sql(
  File "/Users/user/oneplace/opVM/lib/python3.9/site-packages/pandas/io/sql.py", line 697, in to_sql
    return pandas_sql.to_sql(
  File "/Users/user/oneplace/opVM/lib/python3.9/site-packages/pandas/io/sql.py", line 2190, in to_sql
    return table.insert(chunksize, method)
  File "/Users/user/oneplace/opVM/lib/python3.9/site-packages/pandas/io/sql.py", line 950, in insert
    num_inserted = exec_insert(conn, keys, chunk_iter)
  File "/Users/user/oneplace/opVM/lib/python3.9/site-packages/pandas/io/sql.py", line 1896, in _execute_insert
    conn.executemany(self.insert_statement(num_rows=1), data_list)
sqlite3.IntegrityError: UNIQUE constraint failed: my_played_tracks.added_at
[2022-02-25 03:26:27,590] {local_task_job.py:154} INFO - Task exited with return code 1
[2022-02-25 03:26:27,616] {local_task_job.py:264} INFO - 0 downstream tasks scheduled from follow-on schedule check
